0 silly argv {
0 silly argv   _: [ 'run' ],
0 silly argv   scope: 'easy-dock-front',
0 silly argv   stream: true,
0 silly argv   lernaVersion: '3.22.1',
0 silly argv   '$0': '/Users/shuai/Desktop/work/easy-dock-front/node_modules/.bin/lerna',
0 silly argv   script: 'start'
0 silly argv }
1 notice cli v3.22.1
2 verbose rootPath /Users/shuai/Desktop/work/easy-dock-front
3 info versioning independent
4 error Error: Invalid package name "@common": name can only contain URL-friendly characters
4 error     at invalidPackageName (/Users/shuai/Desktop/work/easy-dock-front/node_modules/npm-package-arg/npa.js:86:15)
4 error     at Result.setName (/Users/shuai/Desktop/work/easy-dock-front/node_modules/npm-package-arg/npa.js:121:11)
4 error     at new Result (/Users/shuai/Desktop/work/easy-dock-front/node_modules/npm-package-arg/npa.js:111:23)
4 error     at Function.resolve (/Users/shuai/Desktop/work/easy-dock-front/node_modules/npm-package-arg/npa.js:58:15)
4 error     at /Users/shuai/Desktop/work/easy-dock-front/node_modules/@lerna/package-graph/index.js:61:30
4 error     at Array.forEach (<anonymous>)
4 error     at /Users/shuai/Desktop/work/easy-dock-front/node_modules/@lerna/package-graph/index.js:55:38
4 error     at Map.forEach (<anonymous>)
4 error     at new PackageGraph (/Users/shuai/Desktop/work/easy-dock-front/node_modules/@lerna/package-graph/index.js:44:10)
